Using pre-set license
Built from '2020.3/staging' branch; Version is '2020.3.30f1 (1fb1bf06830e) revision 2077119'; Using compiler version '192528614'; Build Type 'Release'
OS: 'Windows 10  (10.0.19042) 64bit Professional' Language: 'en' Physical Memory: 3936 MB
BatchMode: 1, IsHumanControllingUs: 0, StartBugReporterOnCrash: 0, Is64bit: 1, IsPro: 0

COMMAND LINE ARGUMENTS:
C:\Program Files\Unity 2020.3.30f1\Editor\Unity.exe
-adb2
-batchMode
-noUpm
-name
AssetImportWorker3
-projectPath
C:/Users/Windows 10/Desktop/RVI-projekat/RVI projekat
-logFile
Logs/AssetImportWorker3.log
-srvPort
59120
Successfully changed project path to: C:/Users/Windows 10/Desktop/RVI-projekat/RVI projekat
C:/Users/Windows 10/Desktop/RVI-projekat/RVI projekat
Using Asset Import Pipeline V2.
Refreshing native plugins compatible for Editor in 115.73 ms, found 2 plugins.
Preloading 0 native plugins for Editor in 0.00 ms.
Initialize engine version: 2020.3.30f1 (1fb1bf06830e)
[Subsystems] Discovering subsystems at path C:/Program Files/Unity 2020.3.30f1/Editor/Data/Resources/UnitySubsystems
[Subsystems] Discovering subsystems at path C:/Users/Windows 10/Desktop/RVI-projekat/RVI projekat/Assets
GfxDevice: creating device client; threaded=0
Direct3D:
    Version:  Direct3D 11.0 [level 11.1]
    Renderer: Intel(R) HD Graphics 505 (ID=0x5a84)
    Vendor:   
    VRAM:     1968 MB
    Driver:   27.20.100.8681
Initialize mono
Mono path[0] = 'C:/Program Files/Unity 2020.3.30f1/Editor/Data/Managed'
Mono path[1] = 'C:/Program Files/Unity 2020.3.30f1/Editor/Data/MonoBleedingEdge/lib/mono/unityjit'
Mono config path = 'C:/Program Files/Unity 2020.3.30f1/Editor/Data/MonoBleedingEdge/etc'
Using monoOptions --debugger-agent=transport=dt_socket,embedding=1,server=y,suspend=n,address=127.0.0.1:56956
Begin MonoManager ReloadAssembly
Registering precompiled unity dll's ...
Register platform support module: C:/Program Files/Unity 2020.3.30f1/Editor/Data/PlaybackEngines/WindowsStandaloneSupport/UnityEditor.WindowsStandalone.Extensions.dll
Registered in 0.005400 seconds.
Native extension for WindowsStandalone target not found
Refreshing native plugins compatible for Editor in 112.52 ms, found 2 plugins.
Preloading 0 native plugins for Editor in 0.00 ms.
Mono: successfully reloaded assembly
- Completed reload, in  1.838 seconds
Domain Reload Profiling:
	ReloadAssembly (1839ms)
		BeginReloadAssembly (223ms)
			ExecutionOrderSort (0ms)
			DisableScriptedObjects (0ms)
			BackupInstance (0ms)
			ReleaseScriptingObjects (0ms)
			CreateAndSetChildDomain (2ms)
		EndReloadAssembly (1396ms)
			LoadAssemblies (217ms)
			RebuildTransferFunctionScriptingTraits (0ms)
			SetupTypeCache (438ms)
			ReleaseScriptCaches (0ms)
			RebuildScriptCaches (93ms)
			SetupLoadedEditorAssemblies (540ms)
				LogAssemblyErrors (0ms)
				InitializePlatformSupportModulesInManaged (13ms)
				SetLoadedEditorAssemblies (1ms)
				RefreshPlugins (113ms)
				BeforeProcessingInitializeOnLoad (51ms)
				ProcessInitializeOnLoadAttributes (270ms)
				ProcessInitializeOnLoadMethodAttributes (92ms)
				AfterProcessingInitializeOnLoad (0ms)
				EditorAssembliesLoaded (1ms)
			ExecutionOrderSort2 (0ms)
			AwakeInstancesAfterBackupRestoration (0ms)
Platform modules already initialized, skipping
Registering precompiled user dll's ...
Registered in 0.010030 seconds.
Begin MonoManager ReloadAssembly
Native extension for WindowsStandalone target not found
Refreshing native plugins compatible for Editor in 1.26 ms, found 2 plugins.
Preloading 0 native plugins for Editor in 0.00 ms.
Mono: successfully reloaded assembly
- Completed reload, in  5.218 seconds
Domain Reload Profiling:
	ReloadAssembly (5232ms)
		BeginReloadAssembly (464ms)
			ExecutionOrderSort (0ms)
			DisableScriptedObjects (14ms)
			BackupInstance (0ms)
			ReleaseScriptingObjects (0ms)
			CreateAndSetChildDomain (49ms)
		EndReloadAssembly (4586ms)
			LoadAssemblies (316ms)
			RebuildTransferFunctionScriptingTraits (0ms)
			SetupTypeCache (797ms)
			ReleaseScriptCaches (1ms)
			RebuildScriptCaches (128ms)
			SetupLoadedEditorAssemblies (3097ms)
				LogAssemblyErrors (0ms)
				InitializePlatformSupportModulesInManaged (14ms)
				SetLoadedEditorAssemblies (2ms)
				RefreshPlugins (1ms)
				BeforeProcessingInitializeOnLoad (241ms)
				ProcessInitializeOnLoadAttributes (660ms)
				ProcessInitializeOnLoadMethodAttributes (2161ms)
				AfterProcessingInitializeOnLoad (18ms)
				EditorAssembliesLoaded (1ms)
			ExecutionOrderSort2 (0ms)
			AwakeInstancesAfterBackupRestoration (20ms)
Platform modules already initialized, skipping
========================================================================
Worker process is ready to serve import requests
Launched and connected shader compiler UnityShaderCompiler.exe after 0.60 seconds
Refreshing native plugins compatible for Editor in 1.23 ms, found 2 plugins.
Preloading 0 native plugins for Editor in 0.00 ms.
Unloading 1567 Unused Serialized files (Serialized files now loaded: 0)
System memory in use before: 85.3 MB.
System memory in use after: 85.4 MB.

Unloading 16 unused Assets to reduce memory usage. Loaded Objects now: 2019.
Total: 7.833100 ms (FindLiveObjects: 0.512100 ms CreateObjectMapping: 0.127400 ms MarkObjects: 6.947200 ms  DeleteObjects: 0.241900 ms)

AssetImportParameters requested are different than current active one (requested -> active):
  custom:framework-win-MediaFoundation: 216162199b28c13a410421893ffa2e32 -> 
  custom:video-decoder-ogg-theora: a1e56fd34408186e4bbccfd4996cb3dc -> 
  custom:container-muxer-webm: aa71ff27fc2769a1b78a27578f13a17b -> 
  custom:container-demuxer-webm: 4f35f7cbe854078d1ac9338744f61a02 -> 
  custom:container-demuxer-ogg: 62fdf1f143b41e24485cea50d1cbac27 -> 
  custom:video-encoder-webm-vp8: eb34c28f22e8b96e1ab97ce403110664 -> 
  custom:video-codec-MediaFoundation-h265: 746d11721c4dcdbdad8f713fa42b33f4 -> 
  custom:video-decoder-webm-vp8: 9c59270c3fd7afecdb556c50c9e8de78 -> 
  custom:audio-decoder-ogg-vorbis: bf7c407c2cedff20999df2af8eb42d56 -> 
  custom:audio-encoder-webm-vorbis: bf7c407c2cedff20999df2af8eb42d56 -> 
========================================================================
Received Import Request.
  path: Assets/Basic_RPG_Icons/Items/Armor/Epic/02_plate_cloak_E.png
  artifactKey: Guid(7786f47c44bf5d740b5fcd8f8de04df2) Importer(815301076,1909f56bfc062723c751e8b465ee728b)
Start importing Assets/Basic_RPG_Icons/Items/Armor/Epic/02_plate_cloak_E.png using Guid(7786f47c44bf5d740b5fcd8f8de04df2) Importer(815301076,1909f56bfc062723c751e8b465ee728b)  -> (artifact id: '01853c99a3860b2e7349881b088af706') in 2.563464 seconds 
========================================================================
Received Import Request.
  Time since last request: 0.000719 seconds.
  path: Assets/Basic_RPG_Icons/Items
  artifactKey: Guid(7623722e2f1f3d94489f34ae27160249) Importer(815301076,1909f56bfc062723c751e8b465ee728b)
Start importing Assets/Basic_RPG_Icons/Items using Guid(7623722e2f1f3d94489f34ae27160249) Importer(815301076,1909f56bfc062723c751e8b465ee728b)  -> (artifact id: 'ba913ceaa253b93a5b3b8436bdab4561') in 0.022303 seconds 
========================================================================
Received Import Request.
  Time since last request: 0.000800 seconds.
  path: Assets/Basic_RPG_Icons/Items/Armor/Epic/03_Cloth_helm_E.png
  artifactKey: Guid(1ff18920df7230a4dbc8e9e75c4ed7e5) Importer(815301076,1909f56bfc062723c751e8b465ee728b)
Start importing Assets/Basic_RPG_Icons/Items/Armor/Epic/03_Cloth_helm_E.png using Guid(1ff18920df7230a4dbc8e9e75c4ed7e5) Importer(815301076,1909f56bfc062723c751e8b465ee728b)  -> (artifact id: '62d3c48ee179bb48a908948394349bb0') in 0.068811 seconds 
========================================================================
Received Import Request.
  Time since last request: 0.000700 seconds.
  path: Assets/Basic_RPG_Icons/Items/Armor/Epic/04_plate_gloves_E.png
  artifactKey: Guid(86ecd0e7d75363342a60b7e042cff71a) Importer(815301076,1909f56bfc062723c751e8b465ee728b)
Start importing Assets/Basic_RPG_Icons/Items/Armor/Epic/04_plate_gloves_E.png using Guid(86ecd0e7d75363342a60b7e042cff71a) Importer(815301076,1909f56bfc062723c751e8b465ee728b)  -> (artifact id: '537ffe48d1ccf0ca2c8976fe46e8401e') in 0.064210 seconds 
========================================================================
Received Import Request.
  Time since last request: 0.000887 seconds.
  path: Assets/Basic_RPG_Icons/Items/Armor/Epic/06_plate_pants_E.png
  artifactKey: Guid(600efcd1e359c604b823dcc06b09c4fc) Importer(815301076,1909f56bfc062723c751e8b465ee728b)
Start importing Assets/Basic_RPG_Icons/Items/Armor/Epic/06_plate_pants_E.png using Guid(600efcd1e359c604b823dcc06b09c4fc) Importer(815301076,1909f56bfc062723c751e8b465ee728b)  -> (artifact id: 'd5a74c7ae830030f7710717b06cae8a7') in 0.057012 seconds 
========================================================================
Received Import Request.
  Time since last request: 0.000607 seconds.
  path: Assets/Basic_RPG_Icons/Items/Armor/Epic/01_cloth_chest_E.png
  artifactKey: Guid(e1ba674e14010ec4580da105317b7b77) Importer(815301076,1909f56bfc062723c751e8b465ee728b)
Start importing Assets/Basic_RPG_Icons/Items/Armor/Epic/01_cloth_chest_E.png using Guid(e1ba674e14010ec4580da105317b7b77) Importer(815301076,1909f56bfc062723c751e8b465ee728b)  -> (artifact id: '3854139511177b8c7035fd78611fcb37') in 0.044278 seconds 
========================================================================
Received Import Request.
  Time since last request: 0.000629 seconds.
  path: Assets/Basic_RPG_Icons/Items/Armor/Epic/02_Cloth_cloak_E.png
  artifactKey: Guid(0c2d6eba56798a94eac316df3c09612a) Importer(815301076,1909f56bfc062723c751e8b465ee728b)
Start importing Assets/Basic_RPG_Icons/Items/Armor/Epic/02_Cloth_cloak_E.png using Guid(0c2d6eba56798a94eac316df3c09612a) Importer(815301076,1909f56bfc062723c751e8b465ee728b)  -> (artifact id: 'a7f6fd8c62880b0135531ff8f7e8e2f8') in 0.060260 seconds 
========================================================================
Received Import Request.
  Time since last request: 0.000729 seconds.
  path: Assets/Basic_RPG_Icons/Items/Armor/Epic/04_leather_gloves_E.png
  artifactKey: Guid(1c467e4d8975db74d93c99737e38c07f) Importer(815301076,1909f56bfc062723c751e8b465ee728b)
Start importing Assets/Basic_RPG_Icons/Items/Armor/Epic/04_leather_gloves_E.png using Guid(1c467e4d8975db74d93c99737e38c07f) Importer(815301076,1909f56bfc062723c751e8b465ee728b)  -> (artifact id: '1dac251c51776411ff9981df2cb06e6e') in 0.062779 seconds 
========================================================================
Received Import Request.
  Time since last request: 0.000741 seconds.
  path: Assets/Basic_RPG_Icons/Items/Armor/Epic/05_plate_boots_E.png
  artifactKey: Guid(1b932e329d2e122489394506ac8a777b) Importer(815301076,1909f56bfc062723c751e8b465ee728b)
Start importing Assets/Basic_RPG_Icons/Items/Armor/Epic/05_plate_boots_E.png using Guid(1b932e329d2e122489394506ac8a777b) Importer(815301076,1909f56bfc062723c751e8b465ee728b)  -> (artifact id: '97ebe61b0590b94dd8b067f2c2b36d17') in 0.060134 seconds 
========================================================================
Received Import Request.
  Time since last request: 0.000611 seconds.
  path: Assets/Basic_RPG_Icons/Items/Armor/Epic/03_Leather_helm_E.png
  artifactKey: Guid(fe58bbacc4ff23341aa38d74eae3a5c8) Importer(815301076,1909f56bfc062723c751e8b465ee728b)
Start importing Assets/Basic_RPG_Icons/Items/Armor/Epic/03_Leather_helm_E.png using Guid(fe58bbacc4ff23341aa38d74eae3a5c8) Importer(815301076,1909f56bfc062723c751e8b465ee728b)  -> (artifact id: 'ba14932e798e81f9e2d215e9bdabcc43') in 0.044841 seconds 
========================================================================
Received Import Request.
  Time since last request: 0.000593 seconds.
  path: Assets/Basic_RPG_Icons/Items/Armor/Epic/02_plate_shoulder_E.png
  artifactKey: Guid(31d9fd9a71fd2fa46b253808d9db9ab2) Importer(815301076,1909f56bfc062723c751e8b465ee728b)
Start importing Assets/Basic_RPG_Icons/Items/Armor/Epic/02_plate_shoulder_E.png using Guid(31d9fd9a71fd2fa46b253808d9db9ab2) Importer(815301076,1909f56bfc062723c751e8b465ee728b)  -> (artifact id: '8d3ae04c5ddb3c55ef6bcd4e7912d4e0') in 0.054195 seconds 
========================================================================
Received Import Request.
  Time since last request: 0.000903 seconds.
  path: Assets/Basic_RPG_Icons/Items/Armor/Epic
  artifactKey: Guid(c4ade542aaef3f2499bcb4bf58fffdd9) Importer(815301076,1909f56bfc062723c751e8b465ee728b)
Start importing Assets/Basic_RPG_Icons/Items/Armor/Epic using Guid(c4ade542aaef3f2499bcb4bf58fffdd9) Importer(815301076,1909f56bfc062723c751e8b465ee728b)  -> (artifact id: 'e26e90695497dfc8381d7b31dd201504') in 0.024833 seconds 
========================================================================
Received Import Request.
  Time since last request: 0.000220 seconds.
  path: Assets/Basic_RPG_Icons/Items/Armor
  artifactKey: Guid(579605d5e5dcc7a41959f6c6af1ce365) Importer(815301076,1909f56bfc062723c751e8b465ee728b)
Start importing Assets/Basic_RPG_Icons/Items/Armor using Guid(579605d5e5dcc7a41959f6c6af1ce365) Importer(815301076,1909f56bfc062723c751e8b465ee728b)  -> (artifact id: 'c745b2ebf283e33de852d10d71616bf8') in 0.049190 seconds 
========================================================================
Received Import Request.
  Time since last request: 0.000676 seconds.
  path: Assets/Basic_RPG_Icons/Items/Armor/Epic/06_cloth_pants_E.png
  artifactKey: Guid(5ab71ab515b5c864b99cbc0e848d3662) Importer(815301076,1909f56bfc062723c751e8b465ee728b)
Start importing Assets/Basic_RPG_Icons/Items/Armor/Epic/06_cloth_pants_E.png using Guid(5ab71ab515b5c864b99cbc0e848d3662) Importer(815301076,1909f56bfc062723c751e8b465ee728b)  -> (artifact id: 'f018c33dbba7335fd7dfe4d65ef7bbf3') in 0.074766 seconds 
========================================================================
Received Import Request.
  Time since last request: 0.000793 seconds.
  path: Assets/Basic_RPG_Icons/Items/Armor/Epic/01_plate_chest_E.png
  artifactKey: Guid(9c8101d479c60d34185259c220494c61) Importer(815301076,1909f56bfc062723c751e8b465ee728b)
Start importing Assets/Basic_RPG_Icons/Items/Armor/Epic/01_plate_chest_E.png using Guid(9c8101d479c60d34185259c220494c61) Importer(815301076,1909f56bfc062723c751e8b465ee728b)  -> (artifact id: 'e5fd146d56e17de54c8128c448590e01') in 0.065718 seconds 
========================================================================
Received Import Request.
  Time since last request: 0.000787 seconds.
  path: Assets/Basic_RPG_Icons/Items/Armor/Epic/03_plate_helm_E.png
  artifactKey: Guid(3253ad9deab97584d9f92d6a2fad17b4) Importer(815301076,1909f56bfc062723c751e8b465ee728b)
Start importing Assets/Basic_RPG_Icons/Items/Armor/Epic/03_plate_helm_E.png using Guid(3253ad9deab97584d9f92d6a2fad17b4) Importer(815301076,1909f56bfc062723c751e8b465ee728b)  -> (artifact id: '8427c742291da4f4732fdb5f21b68e06') in 0.087091 seconds 
========================================================================
Received Import Request.
  Time since last request: 0.000725 seconds.
  path: Assets/Basic_RPG_Icons/Items/Armor/Epic/05_leather_boots_E.png
  artifactKey: Guid(ef630bd2e9341ec4e955ee2eedcf33d1) Importer(815301076,1909f56bfc062723c751e8b465ee728b)
Start importing Assets/Basic_RPG_Icons/Items/Armor/Epic/05_leather_boots_E.png using Guid(ef630bd2e9341ec4e955ee2eedcf33d1) Importer(815301076,1909f56bfc062723c751e8b465ee728b)  -> (artifact id: 'c1ea63680b86de50943c97afe889d349') in 0.049483 seconds 
========================================================================
Received Import Request.
  Time since last request: 0.000633 seconds.
  path: Assets/Basic_RPG_Icons/Items/Armor/Epic/05_cloth_boots_E.png
  artifactKey: Guid(f3372779de276dc48accf9af14b380d9) Importer(815301076,1909f56bfc062723c751e8b465ee728b)
Start importing Assets/Basic_RPG_Icons/Items/Armor/Epic/05_cloth_boots_E.png using Guid(f3372779de276dc48accf9af14b380d9) Importer(815301076,1909f56bfc062723c751e8b465ee728b)  -> (artifact id: '308152dfd76ebd5452d2a73cdd81ba3c') in 0.054229 seconds 
========================================================================
Received Import Request.
  Time since last request: 0.000859 seconds.
  path: Assets/Basic_RPG_Icons/Items/Armor/Epic/06_leather_pants_E.png
  artifactKey: Guid(9cd4c1e9242fefc4c989c0a436eda64f) Importer(815301076,1909f56bfc062723c751e8b465ee728b)
Start importing Assets/Basic_RPG_Icons/Items/Armor/Epic/06_leather_pants_E.png using Guid(9cd4c1e9242fefc4c989c0a436eda64f) Importer(815301076,1909f56bfc062723c751e8b465ee728b)  -> (artifact id: '3ce9df3a650d0b6a1ee983286030ec91') in 0.095629 seconds 
========================================================================
Received Import Request.
  Time since last request: 0.000751 seconds.
  path: Assets/Basic_RPG_Icons/Items/Armor/Epic/02_leather_cloak_E.png
  artifactKey: Guid(465a559bdfa55bd4daa55ba2dccc5240) Importer(815301076,1909f56bfc062723c751e8b465ee728b)
Start importing Assets/Basic_RPG_Icons/Items/Armor/Epic/02_leather_cloak_E.png using Guid(465a559bdfa55bd4daa55ba2dccc5240) Importer(815301076,1909f56bfc062723c751e8b465ee728b)  -> (artifact id: '166f23aa1d3d4291b12b63df422b5542') in 0.110248 seconds 
========================================================================
Received Import Request.
  Time since last request: 0.000691 seconds.
  path: Assets/Basic_RPG_Icons/Items/Armor/Epic/04_cloth_gloves_E.png
  artifactKey: Guid(9c443e725aede404ab4a473f96e7f585) Importer(815301076,1909f56bfc062723c751e8b465ee728b)
Start importing Assets/Basic_RPG_Icons/Items/Armor/Epic/04_cloth_gloves_E.png using Guid(9c443e725aede404ab4a473f96e7f585) Importer(815301076,1909f56bfc062723c751e8b465ee728b)  -> (artifact id: '24ddfdc51852349cfa2cf4a25239b007') in 0.046093 seconds 
========================================================================
Received Import Request.
  Time since last request: 0.000627 seconds.
  path: Assets/Basic_RPG_Icons/Items/Armor/Epic/01_Leather_chest_E.png
  artifactKey: Guid(e49632776de7f0a4482a78059933c8ed) Importer(815301076,1909f56bfc062723c751e8b465ee728b)
Start importing Assets/Basic_RPG_Icons/Items/Armor/Epic/01_Leather_chest_E.png using Guid(e49632776de7f0a4482a78059933c8ed) Importer(815301076,1909f56bfc062723c751e8b465ee728b)  -> (artifact id: '3816bfc53eaccb8916f1efc495221d95') in 0.058509 seconds 
AssetImportWorkerClient::OnTransportError - code=2 error=End of file
